<?xml version="1.0" encoding="UTF-8"?>
<testsuite name="mona.domain.RevenueCalculationTest" tests="4" skipped="0" failures="0" errors="0" timestamp="2026-03-22T13:17:28" hostname="f93a0a81a47a" time="0.002">
  <properties/>
  <testcase name="single activity sums correctly()" classname="mona.domain.RevenueCalculationTest" time="0.001"/>
  <testcase name="empty input returns zero revenue()" classname="mona.domain.RevenueCalculationTest" time="0.0"/>
  <testcase name="mixed activities break down correctly()" classname="mona.domain.RevenueCalculationTest" time="0.001"/>
  <testcase name="credit notes offset revenue()" classname="mona.domain.RevenueCalculationTest" time="0.0"/>
  <system-out><![CDATA[]]></system-out>
  <system-err><![CDATA[]]></system-err>
</testsuite>
