<?xml version="1.0" encoding="UTF-8"?>
<testsuite name="mona.domain.DomainResultTest" tests="5" skipped="0" failures="0" errors="0" timestamp="2026-03-22T13:17:28" hostname="f93a0a81a47a" time="0.151">
  <properties/>
  <testcase name="flatMap chains correctly()" classname="mona.domain.DomainResultTest" time="0.144"/>
  <testcase name="map on Err short-circuits()" classname="mona.domain.DomainResultTest" time="0.002"/>
  <testcase name="flatMap short-circuits on Err()" classname="mona.domain.DomainResultTest" time="0.0"/>
  <testcase name="map on Ok propagates value()" classname="mona.domain.DomainResultTest" time="0.001"/>
  <testcase name="flatMap propagates error from inner function()" classname="mona.domain.DomainResultTest" time="0.002"/>
  <system-out><![CDATA[]]></system-out>
  <system-err><![CDATA[]]></system-err>
</testsuite>
