<?xml version="1.0" encoding="UTF-8"?>
<testsuite name="mona.domain.ValuesTest" tests="25" skipped="0" failures="0" errors="0" timestamp="2026-03-22T13:17:28" hostname="f93a0a81a47a" time="0.013">
  <properties/>
  <testcase name="PaymentDelayDays rejects out of range()" classname="mona.domain.ValuesTest" time="0.0"/>
  <testcase name="PaymentDelayDays accepts valid range()" classname="mona.domain.ValuesTest" time="0.0"/>
  <testcase name="Email rejects string without at sign()" classname="mona.domain.ValuesTest" time="0.001"/>
  <testcase name="Cents isNegative detects negative()" classname="mona.domain.ValuesTest" time="0.0"/>
  <testcase name="Email accepts valid email()" classname="mona.domain.ValuesTest" time="0.0"/>
  <testcase name="DeclarationPeriod quarterly Q1()" classname="mona.domain.ValuesTest" time="0.001"/>
  <testcase name="DeclarationPeriod quarterly Q4()" classname="mona.domain.ValuesTest" time="0.0"/>
  <testcase name="Siret siren extracts first 9 digits()" classname="mona.domain.ValuesTest" time="0.0"/>
  <testcase name="Cents addition works()" classname="mona.domain.ValuesTest" time="0.0"/>
  <testcase name="DeclarationPeriod monthly covers full month()" classname="mona.domain.ValuesTest" time="0.0"/>
  <testcase name="Siret rejects non-14-digit input()" classname="mona.domain.ValuesTest" time="0.0"/>
  <testcase name="DeclarationPeriod rejects invalid quarter()" classname="mona.domain.ValuesTest" time="0.001"/>
  <testcase name="Cents multiplication overflow throws ArithmeticException()" classname="mona.domain.ValuesTest" time="0.0"/>
  <testcase name="Siren accepts valid 9-digit string()" classname="mona.domain.ValuesTest" time="0.0"/>
  <testcase name="Siret accepts valid 14-digit string()" classname="mona.domain.ValuesTest" time="0.001"/>
  <testcase name="DeclarationPeriod monthly handles leap year()" classname="mona.domain.ValuesTest" time="0.0"/>
  <testcase name="DeclarationPeriod rejects end before start()" classname="mona.domain.ValuesTest" time="0.0"/>
  <testcase name="Cents subtraction works()" classname="mona.domain.ValuesTest" time="0.0"/>
  <testcase name="PostalAddress formatted produces multiline string()" classname="mona.domain.ValuesTest" time="0.002"/>
  <testcase name="Siren rejects non-9-digit input()" classname="mona.domain.ValuesTest" time="0.0"/>
  <testcase name="Cents addition overflow throws ArithmeticException()" classname="mona.domain.ValuesTest" time="0.001"/>
  <testcase name="Email rejects too short string()" classname="mona.domain.ValuesTest" time="0.0"/>
  <testcase name="Cents subtraction overflow throws ArithmeticException()" classname="mona.domain.ValuesTest" time="0.0"/>
  <testcase name="Cents ZERO is zero()" classname="mona.domain.ValuesTest" time="0.0"/>
  <testcase name="Cents multiplication works()" classname="mona.domain.ValuesTest" time="0.0"/>
  <system-out><![CDATA[]]></system-out>
  <system-err><![CDATA[]]></system-err>
</testsuite>
