<?xml version="1.0" encoding="UTF-8"?>
<testsuite name="mona.domain.UrssafThresholdsTest" tests="7" skipped="0" failures="0" errors="0" timestamp="2026-03-22T13:17:28" hostname="f93a0a81a47a" time="0.004">
  <properties/>
  <testcase name="alert at 95 percent for BIC_VENTE()" classname="mona.domain.UrssafThresholdsTest" time="0.001"/>
  <testcase name="BIC_SERVICE uses 36800 threshold()" classname="mona.domain.UrssafThresholdsTest" time="0.001"/>
  <testcase name="monthly deadline is end of following month()" classname="mona.domain.UrssafThresholdsTest" time="0.0"/>
  <testcase name="quarterly deadline Q1 is end of April()" classname="mona.domain.UrssafThresholdsTest" time="0.001"/>
  <testcase name="quarterly deadline Q4 is end of January next year()" classname="mona.domain.UrssafThresholdsTest" time="0.0"/>
  <testcase name="no alert below 80 percent for BNC()" classname="mona.domain.UrssafThresholdsTest" time="0.0"/>
  <testcase name="alert at 80 percent for BNC()" classname="mona.domain.UrssafThresholdsTest" time="0.001"/>
  <system-out><![CDATA[]]></system-out>
  <system-err><![CDATA[]]></system-err>
</testsuite>
