<?xml version="1.0" encoding="UTF-8"?>
<testsuite name="mona.domain.LineItemTest" tests="4" skipped="0" failures="0" errors="0" timestamp="2026-03-22T13:17:28" hostname="f93a0a81a47a" time="0.001">
  <properties/>
  <testcase name="totalHt with single quantity()" classname="mona.domain.LineItemTest" time="0.0"/>
  <testcase name="totalHt rounds HALF_UP()" classname="mona.domain.LineItemTest" time="0.001"/>
  <testcase name="totalHt with integer quantity()" classname="mona.domain.LineItemTest" time="0.0"/>
  <testcase name="totalHt with fractional quantity()" classname="mona.domain.LineItemTest" time="0.0"/>
  <system-out><![CDATA[]]></system-out>
  <system-err><![CDATA[]]></system-err>
</testsuite>
